[debug] [2022-10-29T19:29:47.284Z] ----------------------------------------------------------------------
[debug] [2022-10-29T19:29:47.287Z] Command:       C:\Program Files\nodejs\node.exe C:\Users\HP_0890\AppData\Roaming\npm\node_modules\firebase-tools\lib\bin\firebase.js init
[debug] [2022-10-29T19:29:47.288Z] CLI Version:   11.15.0
[debug] [2022-10-29T19:29:47.288Z] Platform:      win32
[debug] [2022-10-29T19:29:47.288Z] Node Version:  v19.0.0
[debug] [2022-10-29T19:29:47.288Z] Time:          Sun Oct 30 2022 00:59:47 GMT+0530 (India Standard Time)
[debug] [2022-10-29T19:29:47.289Z] ----------------------------------------------------------------------
[debug] 
[debug] [2022-10-29T19:29:47.332Z] > command requires scopes: ["email","openid","https://www.googleapis.com/auth/cloudplatformprojects.readonly","https://www.googleapis.com/auth/firebase","https://www.googleapis.com/auth/cloud-platform"]
[debug] [2022-10-29T19:29:47.333Z] > authorizing via signed-in user (ssinghpiyush14@gmail.com)
[info] 
     ######## #### ########  ######## ########     ###     ######  ########
     ##        ##  ##     ## ##       ##     ##  ##   ##  ##       ##
     ######    ##  ########  ######   ########  #########  ######  ######
     ##        ##  ##    ##  ##       ##     ## ##     ##       ## ##
     ##       #### ##     ## ######## ########  ##     ##  ######  ########

You're about to initialize a Firebase project in this directory:

  G:\DDS\HTML-DDS

[info] 
=== Project Setup
[info] 
[info] First, let's associate this project directory with a Firebase project.
[info] You can create multiple project aliases by running firebase use --add, 
[info] but for now we'll just set up a default project.
[info] 
[debug] [2022-10-29T19:31:03.765Z] >>> [apiv2][query] GET https://firebase.googleapis.com/v1beta1/projects pageSize=100
[debug] [2022-10-29T19:31:08.415Z] <<< [apiv2][status] GET https://firebase.googleapis.com/v1beta1/projects 200
[debug] [2022-10-29T19:31:08.415Z] <<< [apiv2][body] GET https://firebase.googleapis.com/v1beta1/projects [omitted]
[info] i  Using project ddsitabhata (Ddsitabhata) 
[info] 
=== Hosting Setup
[info] 
[info] Your public directory is the folder (relative to your project directory) that
[info] will contain Hosting assets to be uploaded with firebase deploy. If you
[info] have a build process for your assets, use your build's output directory.
[info] 
[info] +  Wrote public/404.html 
[debug] [2022-10-29T19:33:36.695Z] >>> [apiv2][query] GET https://www.gstatic.com/firebasejs/releases.json [none]
[debug] [2022-10-29T19:33:38.062Z] <<< [apiv2][status] GET https://www.gstatic.com/firebasejs/releases.json 200
[debug] [2022-10-29T19:33:38.063Z] <<< [apiv2][body] GET https://www.gstatic.com/firebasejs/releases.json {"current":{"version":"9.13.0","browserURL":"https://www.gstatic.com/firebasejs/9.13.0/firebase.js","packageURL":"https://www.gstatic.com/firebasejs/9.13.0/firebase.tgz"},"live":{"version":"9.13","browserURL":"https://www.gstatic.com/firebasejs/live/9.13/firebase.js","packageURL":"https://www.gstatic.com/firebasejs/live/9.13/firebase.tgz"},"components":{"analytics":"https://www.gstatic.com/firebasejs/9.13.0/firebase-analytics.js","app":"https://www.gstatic.com/firebasejs/9.13.0/firebase-app.js","app-check":"https://www.gstatic.com/firebasejs/9.13.0/firebase-app-check.js","auth":"https://www.gstatic.com/firebasejs/9.13.0/firebase-auth.js","auth/cordova":"https://www.gstatic.com/firebasejs/9.13.0/firebase-auth/cordova.js","auth/react-native":"https://www.gstatic.com/firebasejs/9.13.0/firebase-auth/react-native.js","functions":"https://www.gstatic.com/firebasejs/9.13.0/firebase-functions.js","firestore":"https://www.gstatic.com/firebasejs/9.13.0/firebase-firestore.js","firestore/lite":"https://www.gstatic.com/firebasejs/9.13.0/firebase-firestore/lite.js","installations":"https://www.gstatic.com/firebasejs/9.13.0/firebase-installations.js","storage":"https://www.gstatic.com/firebasejs/9.13.0/firebase-storage.js","performance":"https://www.gstatic.com/firebasejs/9.13.0/firebase-performance.js","remote-config":"https://www.gstatic.com/firebasejs/9.13.0/firebase-remote-config.js","messaging":"https://www.gstatic.com/firebasejs/9.13.0/firebase-messaging.js","messaging/sw":"https://www.gstatic.com/firebasejs/9.13.0/firebase-messaging/sw.js","database":"https://www.gstatic.com/firebasejs/9.13.0/firebase-database.js","firestore.memory":"https://www.gstatic.com/firebasejs/9.13.0/firebase-firestore.memory.js"}}
[info] +  Wrote public/index.html 
[info] 
[info] i  Didn't detect a .git folder. Assuming G:\DDS\HTML-DDS is the project root. 
[info] i  Authorizing with GitHub to upload your service account to a GitHub repository's secrets store. 
[info] 
[info] Visit this URL on this device to log in:
[info] https://github.com/login/oauth/authorize?client_id=89cf50f02ac6aaed3484&state=552610746&redirect_uri=http%3A%2F%2Flocalhost%3A9005&scope=read%3Auser%20repo%20public_repo
[info] 
[info] Waiting for authentication...
[debug] [2022-10-29T19:40:09.649Z] >>> [apiv2][query] POST https://github.com/login/oauth/access_token [none]
[debug] [2022-10-29T19:40:09.658Z] >>> [apiv2][body] POST https://github.com/login/oauth/access_token [stream]
[debug] [2022-10-29T19:40:10.431Z] <<< [apiv2][status] POST https://github.com/login/oauth/access_token 200
[debug] [2022-10-29T19:40:10.432Z] <<< [apiv2][body] POST https://github.com/login/oauth/access_token {"access_token":"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","token_type":"bearer","scope":"read:user,repo"}
[debug] [2022-10-29T19:40:10.478Z] >>> [apiv2][query] GET https://api.github.com/user [none]
[debug] [2022-10-29T19:40:11.028Z] <<< [apiv2][status] GET https://api.github.com/user 200
[debug] [2022-10-29T19:40:11.028Z] <<< [apiv2][body] GET https://api.github.com/user {"login":"Piyushsingh0001","id":92743661,"node_id":"U_kgDOBYcn7Q","avatar_url":"https://avatars.githubusercontent.com/u/92743661?v=4","gravatar_id":"","url":"https://api.github.com/users/Piyushsingh0001","html_url":"https://github.com/Piyushsingh0001","followers_url":"https://api.github.com/users/Piyushsingh0001/followers","following_url":"https://api.github.com/users/Piyushsingh0001/following{/other_user}","gists_url":"https://api.github.com/users/Piyushsingh0001/gists{/gist_id}","starred_url":"https://api.github.com/users/Piyushsingh0001/starred{/owner}{/repo}","subscriptions_url":"https://api.github.com/users/Piyushsingh0001/subscriptions","organizations_url":"https://api.github.com/users/Piyushsingh0001/orgs","repos_url":"https://api.github.com/users/Piyushsingh0001/repos","events_url":"https://api.github.com/users/Piyushsingh0001/events{/privacy}","received_events_url":"https://api.github.com/users/Piyushsingh0001/received_events","type":"User","site_admin":false,"name":null,"company":null,"blog":"","location":null,"email":null,"hireable":null,"bio":null,"twitter_username":null,"public_repos":5,"public_gists":0,"followers":0,"following":0,"created_at":"2021-10-18T15:57:11Z","updated_at":"2022-10-29T19:39:36Z","private_gists":0,"total_private_repos":0,"owned_private_repos":0,"disk_usage":736,"collaborators":0,"two_factor_authentication":false,"plan":{"name":"free","space":976562499,"collaborators":0,"private_repos":10000}}
[info] 
[info] +  Success! Logged into GitHub as Piyushsingh0001 
[info] 
[debug] [2022-10-29T19:42:37.022Z] >>> [apiv2][query] GET https://api.github.com/repos/repository/actions/secrets/public-key type=owner
[debug] [2022-10-29T19:42:37.724Z] <<< [apiv2][status] GET https://api.github.com/repos/repository/actions/secrets/public-key 404
[debug] [2022-10-29T19:42:37.724Z] <<< [apiv2][body] GET https://api.github.com/repos/repository/actions/secrets/public-key {"message":"Not Found","documentation_url":"https://docs.github.com/rest"}
[debug] [2022-10-29T19:42:50.390Z] >>> [apiv2][query] GET https://api.github.com/repos/repository/actions/secrets/public-key type=owner
[debug] [2022-10-29T19:42:50.830Z] <<< [apiv2][status] GET https://api.github.com/repos/repository/actions/secrets/public-key 404
[debug] [2022-10-29T19:42:50.830Z] <<< [apiv2][body] GET https://api.github.com/repos/repository/actions/secrets/public-key {"message":"Not Found","documentation_url":"https://docs.github.com/rest"}
[debug] [2022-10-29T19:42:54.938Z] >>> [apiv2][query] GET https://api.github.com/repos/repository/actions/secrets/public-key type=owner
[debug] [2022-10-29T19:42:55.247Z] <<< [apiv2][status] GET https://api.github.com/repos/repository/actions/secrets/public-key 404
[debug] [2022-10-29T19:42:55.248Z] <<< [apiv2][body] GET https://api.github.com/repos/repository/actions/secrets/public-key {"message":"Not Found","documentation_url":"https://docs.github.com/rest"}
[debug] [2022-10-29T19:43:01.837Z] >>> [apiv2][query] GET https://api.github.com/repos/2/actions/secrets/public-key type=owner
[debug] [2022-10-29T19:43:02.349Z] <<< [apiv2][status] GET https://api.github.com/repos/2/actions/secrets/public-key 404
[debug] [2022-10-29T19:43:02.349Z] <<< [apiv2][body] GET https://api.github.com/repos/2/actions/secrets/public-key {"message":"Not Found","documentation_url":"https://docs.github.com/rest"}
[debug] [2022-10-29T19:43:47.768Z] >>> [apiv2][query] GET https://api.github.com/repos/repository/actions/secrets/public-key type=owner
[debug] [2022-10-29T19:43:48.194Z] <<< [apiv2][status] GET https://api.github.com/repos/repository/actions/secrets/public-key 404
[debug] [2022-10-29T19:43:48.194Z] <<< [apiv2][body] GET https://api.github.com/repos/repository/actions/secrets/public-key {"message":"Not Found","documentation_url":"https://docs.github.com/rest"}
[debug] [2022-10-29T19:44:46.065Z] >>> [apiv2][query] GET https://api.github.com/repos/repository/actions/secrets/public-key type=owner
[debug] [2022-10-29T19:44:46.494Z] <<< [apiv2][status] GET https://api.github.com/repos/repository/actions/secrets/public-key 404
[debug] [2022-10-29T19:44:46.494Z] <<< [apiv2][body] GET https://api.github.com/repos/repository/actions/secrets/public-key {"message":"Not Found","documentation_url":"https://docs.github.com/rest"}
[debug] [2022-10-29T19:44:50.434Z] >>> [apiv2][query] GET https://api.github.com/repos/r/actions/secrets/public-key type=owner
[debug] [2022-10-29T19:44:50.805Z] <<< [apiv2][status] GET https://api.github.com/repos/r/actions/secrets/public-key 404
[debug] [2022-10-29T19:44:50.806Z] <<< [apiv2][body] GET https://api.github.com/repos/r/actions/secrets/public-key {"message":"Not Found","documentation_url":"https://docs.github.com/rest"}
[debug] [2022-10-29T19:44:55.638Z] >>> [apiv2][query] GET https://api.github.com/repos/user/actions/secrets/public-key type=owner
[debug] [2022-10-29T19:44:55.955Z] <<< [apiv2][status] GET https://api.github.com/repos/user/actions/secrets/public-key 404
[debug] [2022-10-29T19:44:55.955Z] <<< [apiv2][body] GET https://api.github.com/repos/user/actions/secrets/public-key {"message":"Not Found","documentation_url":"https://docs.github.com/rest"}
[debug] [2022-10-29T19:47:27.387Z] >>> [apiv2][query] GET https://api.github.com/repos/:repository/actions/secrets/public-key type=owner
[debug] [2022-10-29T19:47:28.061Z] <<< [apiv2][status] GET https://api.github.com/repos/:repository/actions/secrets/public-key 404
[debug] [2022-10-29T19:47:28.061Z] <<< [apiv2][body] GET https://api.github.com/repos/:repository/actions/secrets/public-key {"message":"Not Found","documentation_url":"https://docs.github.com/rest"}
[debug] [2022-10-29T19:47:28.476Z] >>> [apiv2][query] GET https://api.github.com/repos/:repository/actions/secrets/public-key type=owner
[debug] [2022-10-29T19:47:28.845Z] <<< [apiv2][status] GET https://api.github.com/repos/:repository/actions/secrets/public-key 404
[debug] [2022-10-29T19:47:28.845Z] <<< [apiv2][body] GET https://api.github.com/repos/:repository/actions/secrets/public-key {"message":"Not Found","documentation_url":"https://docs.github.com/rest"}
[debug] [2022-10-29T19:47:35.723Z] >>> [apiv2][query] GET https://api.github.com/repos/repository/actions/secrets/public-key type=owner
[debug] [2022-10-29T19:47:36.458Z] <<< [apiv2][status] GET https://api.github.com/repos/repository/actions/secrets/public-key 404
[debug] [2022-10-29T19:47:36.469Z] <<< [apiv2][body] GET https://api.github.com/repos/repository/actions/secrets/public-key {"message":"Not Found","documentation_url":"https://docs.github.com/rest"}
[debug] [2022-10-29T19:47:36.956Z] >>> [apiv2][query] GET https://api.github.com/repos/repository/actions/secrets/public-key type=owner
[debug] [2022-10-29T19:47:37.431Z] <<< [apiv2][status] GET https://api.github.com/repos/repository/actions/secrets/public-key 404
[debug] [2022-10-29T19:47:37.431Z] <<< [apiv2][body] GET https://api.github.com/repos/repository/actions/secrets/public-key {"message":"Not Found","documentation_url":"https://docs.github.com/rest"}
[debug] [2022-10-29T19:47:37.452Z] >>> [apiv2][query] GET https://api.github.com/repos/repository/actions/secrets/public-key type=owner
[debug] [2022-10-29T19:47:37.685Z] >>> [apiv2][query] GET https://api.github.com/repos//actions/secrets/public-key type=owner
[debug] [2022-10-29T19:47:37.856Z] >>> [apiv2][query] GET https://api.github.com/repos//actions/secrets/public-key type=owner
[debug] [2022-10-29T19:47:38.030Z] >>> [apiv2][query] GET https://api.github.com/repos//actions/secrets/public-key type=owner
[debug] [2022-10-29T19:47:38.192Z] >>> [apiv2][query] GET https://api.github.com/repos//actions/secrets/public-key type=owner
[debug] [2022-10-29T19:47:38.193Z] <<< [apiv2][status] GET https://api.github.com/repos//actions/secrets/public-key 404
[debug] [2022-10-29T19:47:38.193Z] <<< [apiv2][body] GET https://api.github.com/repos//actions/secrets/public-key {"message":"Not Found","documentation_url":"https://docs.github.com/rest"}
[debug] [2022-10-29T19:47:38.239Z] <<< [apiv2][status] GET https://api.github.com/repos/repository/actions/secrets/public-key 404
[debug] [2022-10-29T19:47:38.240Z] <<< [apiv2][body] GET https://api.github.com/repos/repository/actions/secrets/public-key {"message":"Not Found","documentation_url":"https://docs.github.com/rest"}
[debug] [2022-10-29T19:47:38.274Z] <<< [apiv2][status] GET https://api.github.com/repos//actions/secrets/public-key 404
[debug] [2022-10-29T19:47:38.274Z] <<< [apiv2][body] GET https://api.github.com/repos//actions/secrets/public-key {"message":"Not Found","documentation_url":"https://docs.github.com/rest"}
[debug] [2022-10-29T19:47:38.456Z] <<< [apiv2][status] GET https://api.github.com/repos//actions/secrets/public-key 404
[debug] [2022-10-29T19:47:38.456Z] <<< [apiv2][body] GET https://api.github.com/repos//actions/secrets/public-key {"message":"Not Found","documentation_url":"https://docs.github.com/rest"}
[debug] [2022-10-29T19:47:38.500Z] <<< [apiv2][status] GET https://api.github.com/repos//actions/secrets/public-key 404
[debug] [2022-10-29T19:47:38.500Z] <<< [apiv2][body] GET https://api.github.com/repos//actions/secrets/public-key {"message":"Not Found","documentation_url":"https://docs.github.com/rest"}
[debug] [2022-10-29T19:52:44.492Z] >>> [apiv2][query] GET https://api.github.com/repos/repositoryName/actions/secrets/public-key type=owner
[debug] [2022-10-29T19:52:45.387Z] >>> [apiv2][query] GET https://api.github.com/repos//actions/secrets/public-key type=owner
[debug] [2022-10-29T19:52:45.436Z] <<< [apiv2][status] GET https://api.github.com/repos/repositoryName/actions/secrets/public-key 404
[debug] [2022-10-29T19:52:45.436Z] <<< [apiv2][body] GET https://api.github.com/repos/repositoryName/actions/secrets/public-key {"message":"Not Found","documentation_url":"https://docs.github.com/rest"}
[debug] [2022-10-29T19:52:45.552Z] >>> [apiv2][query] GET https://api.github.com/repos/repositoryName/actions/secrets/public-key type=owner
[debug] [2022-10-29T19:52:45.706Z] >>> [apiv2][query] GET https://api.github.com/repos//actions/secrets/public-key type=owner
[debug] [2022-10-29T19:52:45.874Z] >>> [apiv2][query] GET https://api.github.com/repos//actions/secrets/public-key type=owner
[debug] [2022-10-29T19:52:45.934Z] <<< [apiv2][status] GET https://api.github.com/repos/repositoryName/actions/secrets/public-key 404
[debug] [2022-10-29T19:52:45.935Z] <<< [apiv2][body] GET https://api.github.com/repos/repositoryName/actions/secrets/public-key {"message":"Not Found","documentation_url":"https://docs.github.com/rest"}
[debug] [2022-10-29T19:52:46.027Z] >>> [apiv2][query] GET https://api.github.com/repos/repositoryName/actions/secrets/public-key type=owner
[debug] [2022-10-29T19:52:46.059Z] <<< [apiv2][status] GET https://api.github.com/repos//actions/secrets/public-key 404
[debug] [2022-10-29T19:52:46.059Z] <<< [apiv2][body] GET https://api.github.com/repos//actions/secrets/public-key {"message":"Not Found","documentation_url":"https://docs.github.com/rest"}
[debug] [2022-10-29T19:52:46.186Z] >>> [apiv2][query] GET https://api.github.com/repos//actions/secrets/public-key type=owner
[debug] [2022-10-29T19:52:46.313Z] <<< [apiv2][status] GET https://api.github.com/repos//actions/secrets/public-key 404
[debug] [2022-10-29T19:52:46.313Z] <<< [apiv2][body] GET https://api.github.com/repos//actions/secrets/public-key {"message":"Not Found","documentation_url":"https://docs.github.com/rest"}
[debug] [2022-10-29T19:52:46.334Z] >>> [apiv2][query] GET https://api.github.com/repos//actions/secrets/public-key type=owner
[debug] [2022-10-29T19:52:46.403Z] <<< [apiv2][status] GET https://api.github.com/repos/repositoryName/actions/secrets/public-key 404
[debug] [2022-10-29T19:52:46.403Z] <<< [apiv2][body] GET https://api.github.com/repos/repositoryName/actions/secrets/public-key {"message":"Not Found","documentation_url":"https://docs.github.com/rest"}
[debug] [2022-10-29T19:52:46.556Z] <<< [apiv2][status] GET https://api.github.com/repos//actions/secrets/public-key 404
[debug] [2022-10-29T19:52:46.556Z] <<< [apiv2][body] GET https://api.github.com/repos//actions/secrets/public-key {"message":"Not Found","documentation_url":"https://docs.github.com/rest"}
[debug] [2022-10-29T19:52:46.634Z] <<< [apiv2][status] GET https://api.github.com/repos//actions/secrets/public-key 404
[debug] [2022-10-29T19:52:46.634Z] <<< [apiv2][body] GET https://api.github.com/repos//actions/secrets/public-key {"message":"Not Found","documentation_url":"https://docs.github.com/rest"}
[debug] [2022-10-29T19:52:46.719Z] <<< [apiv2][status] GET https://api.github.com/repos//actions/secrets/public-key 404
[debug] [2022-10-29T19:52:46.719Z] <<< [apiv2][body] GET https://api.github.com/repos//actions/secrets/public-key {"message":"Not Found","documentation_url":"https://docs.github.com/rest"}
[debug] [2022-10-29T19:52:46.731Z] >>> [apiv2][query] GET https://api.github.com/repos/repositoryName/actions/secrets/public-key type=owner
[debug] [2022-10-29T19:52:47.091Z] >>> [apiv2][query] GET https://api.github.com/repos//actions/secrets/public-key type=owner
[debug] [2022-10-29T19:52:47.107Z] <<< [apiv2][status] GET https://api.github.com/repos/repositoryName/actions/secrets/public-key 404
[debug] [2022-10-29T19:52:47.107Z] <<< [apiv2][body] GET https://api.github.com/repos/repositoryName/actions/secrets/public-key {"message":"Not Found","documentation_url":"https://docs.github.com/rest"}
[debug] [2022-10-29T19:52:47.465Z] >>> [apiv2][query] GET https://api.github.com/repos/repositoryName/actions/secrets/public-key type=owner
[debug] [2022-10-29T19:52:47.494Z] <<< [apiv2][status] GET https://api.github.com/repos//actions/secrets/public-key 404
[debug] [2022-10-29T19:52:47.495Z] <<< [apiv2][body] GET https://api.github.com/repos//actions/secrets/public-key {"message":"Not Found","documentation_url":"https://docs.github.com/rest"}
[debug] [2022-10-29T19:52:47.643Z] >>> [apiv2][query] GET https://api.github.com/repos//actions/secrets/public-key type=owner
[debug] [2022-10-29T19:52:47.789Z] >>> [apiv2][query] GET https://api.github.com/repos//actions/secrets/public-key type=owner
[debug] [2022-10-29T19:52:47.853Z] <<< [apiv2][status] GET https://api.github.com/repos/repositoryName/actions/secrets/public-key 404
[debug] [2022-10-29T19:52:47.853Z] <<< [apiv2][body] GET https://api.github.com/repos/repositoryName/actions/secrets/public-key {"message":"Not Found","documentation_url":"https://docs.github.com/rest"}
[debug] [2022-10-29T19:52:48.010Z] <<< [apiv2][status] GET https://api.github.com/repos//actions/secrets/public-key 404
[debug] [2022-10-29T19:52:48.010Z] <<< [apiv2][body] GET https://api.github.com/repos//actions/secrets/public-key {"message":"Not Found","documentation_url":"https://docs.github.com/rest"}
[debug] [2022-10-29T19:52:48.163Z] <<< [apiv2][status] GET https://api.github.com/repos//actions/secrets/public-key 404
[debug] [2022-10-29T19:52:48.163Z] <<< [apiv2][body] GET https://api.github.com/repos//actions/secrets/public-key {"message":"Not Found","documentation_url":"https://docs.github.com/rest"}
[debug] [2022-10-29T19:52:48.648Z] >>> [apiv2][query] GET https://api.github.com/repos/repositoryName/actions/secrets/public-key type=owner
[debug] [2022-10-29T19:52:48.869Z] >>> [apiv2][query] GET https://api.github.com/repos//actions/secrets/public-key type=owner
[debug] [2022-10-29T19:52:49.037Z] <<< [apiv2][status] GET https://api.github.com/repos/repositoryName/actions/secrets/public-key 404
[debug] [2022-10-29T19:52:49.037Z] <<< [apiv2][body] GET https://api.github.com/repos/repositoryName/actions/secrets/public-key {"message":"Not Found","documentation_url":"https://docs.github.com/rest"}
[debug] [2022-10-29T19:52:49.064Z] >>> [apiv2][query] GET https://api.github.com/repos/repositoryName/actions/secrets/public-key type=owner
[debug] [2022-10-29T19:52:49.229Z] >>> [apiv2][query] GET https://api.github.com/repos//actions/secrets/public-key type=owner
[debug] [2022-10-29T19:52:49.246Z] <<< [apiv2][status] GET https://api.github.com/repos//actions/secrets/public-key 404
[debug] [2022-10-29T19:52:49.246Z] <<< [apiv2][body] GET https://api.github.com/repos//actions/secrets/public-key {"message":"Not Found","documentation_url":"https://docs.github.com/rest"}
[debug] [2022-10-29T19:52:49.391Z] >>> [apiv2][query] GET https://api.github.com/repos//actions/secrets/public-key type=owner
[debug] [2022-10-29T19:52:49.477Z] <<< [apiv2][status] GET https://api.github.com/repos/repositoryName/actions/secrets/public-key 404
[debug] [2022-10-29T19:52:49.477Z] <<< [apiv2][body] GET https://api.github.com/repos/repositoryName/actions/secrets/public-key {"message":"Not Found","documentation_url":"https://docs.github.com/rest"}
[debug] [2022-10-29T19:52:49.532Z] >>> [apiv2][query] GET https://api.github.com/repos/repositoryName/actions/secrets/public-key type=owner
[debug] [2022-10-29T19:52:49.605Z] <<< [apiv2][status] GET https://api.github.com/repos//actions/secrets/public-key 404
[debug] [2022-10-29T19:52:49.606Z] <<< [apiv2][body] GET https://api.github.com/repos//actions/secrets/public-key {"message":"Not Found","documentation_url":"https://docs.github.com/rest"}
[debug] [2022-10-29T19:52:49.759Z] <<< [apiv2][status] GET https://api.github.com/repos//actions/secrets/public-key 404
[debug] [2022-10-29T19:52:49.759Z] <<< [apiv2][body] GET https://api.github.com/repos//actions/secrets/public-key {"message":"Not Found","documentation_url":"https://docs.github.com/rest"}
[debug] [2022-10-29T19:52:49.917Z] <<< [apiv2][status] GET https://api.github.com/repos/repositoryName/actions/secrets/public-key 404
[debug] [2022-10-29T19:52:49.917Z] <<< [apiv2][body] GET https://api.github.com/repos/repositoryName/actions/secrets/public-key {"message":"Not Found","documentation_url":"https://docs.github.com/rest"}
[debug] [2022-10-29T19:52:50.778Z] >>> [apiv2][query] GET https://api.github.com/repos/repositoryName/actions/secrets/public-key type=owner
[debug] [2022-10-29T19:52:51.160Z] <<< [apiv2][status] GET https://api.github.com/repos/repositoryName/actions/secrets/public-key 404
[debug] [2022-10-29T19:52:51.160Z] <<< [apiv2][body] GET https://api.github.com/repos/repositoryName/actions/secrets/public-key {"message":"Not Found","documentation_url":"https://docs.github.com/rest"}
[debug] [2022-10-29T19:52:58.533Z] >>> [apiv2][query] GET https://api.github.com/repos/user/actions/secrets/public-key type=owner
[debug] [2022-10-29T19:52:59.279Z] <<< [apiv2][status] GET https://api.github.com/repos/user/actions/secrets/public-key 404
[debug] [2022-10-29T19:52:59.279Z] <<< [apiv2][body] GET https://api.github.com/repos/user/actions/secrets/public-key {"message":"Not Found","documentation_url":"https://docs.github.com/rest"}
[debug] [2022-10-29T19:52:59.749Z] >>> [apiv2][query] GET https://api.github.com/repos/user/actions/secrets/public-key type=owner
[debug] [2022-10-29T19:53:00.127Z] <<< [apiv2][status] GET https://api.github.com/repos/user/actions/secrets/public-key 404
[debug] [2022-10-29T19:53:00.127Z] <<< [apiv2][body] GET https://api.github.com/repos/user/actions/secrets/public-key {"message":"Not Found","documentation_url":"https://docs.github.com/rest"}
[debug] [2022-10-29T19:53:02.202Z] >>> [apiv2][query] GET https://api.github.com/repos/user/actions/secrets/public-key type=owner
[debug] [2022-10-29T19:53:02.650Z] <<< [apiv2][status] GET https://api.github.com/repos/user/actions/secrets/public-key 404
[debug] [2022-10-29T19:53:02.650Z] <<< [apiv2][body] GET https://api.github.com/repos/user/actions/secrets/public-key {"message":"Not Found","documentation_url":"https://docs.github.com/rest"}
[debug] [2022-10-29T19:54:54.167Z] >>> [apiv2][query] GET https://api.github.com/repos/user/actions/secrets/public-key type=owner
[debug] [2022-10-29T19:54:54.364Z] >>> [apiv2][query] GET https://api.github.com/repos//actions/secrets/public-key type=owner
[debug] [2022-10-29T19:54:54.981Z] <<< [apiv2][status] GET https://api.github.com/repos//actions/secrets/public-key 404
[debug] [2022-10-29T19:54:54.981Z] <<< [apiv2][body] GET https://api.github.com/repos//actions/secrets/public-key {"message":"Not Found","documentation_url":"https://docs.github.com/rest"}
[debug] [2022-10-29T19:54:54.991Z] <<< [apiv2][status] GET https://api.github.com/repos/user/actions/secrets/public-key 404
[debug] [2022-10-29T19:54:54.991Z] <<< [apiv2][body] GET https://api.github.com/repos/user/actions/secrets/public-key {"message":"Not Found","documentation_url":"https://docs.github.com/rest"}
[debug] [2022-10-29T19:56:37.292Z] >>> [apiv2][query] GET https://api.github.com/repos/ddsitabhata.com/actions/secrets/public-key type=owner
[debug] [2022-10-29T19:56:37.997Z] <<< [apiv2][status] GET https://api.github.com/repos/ddsitabhata.com/actions/secrets/public-key 404
[debug] [2022-10-29T19:56:37.997Z] <<< [apiv2][body] GET https://api.github.com/repos/ddsitabhata.com/actions/secrets/public-key {"message":"Not Found","documentation_url":"https://docs.github.com/rest"}
[debug] [2022-10-29T19:56:39.139Z] >>> [apiv2][query] GET https://api.github.com/repos/ddsitabhata.com/actions/secrets/public-key type=owner
[debug] [2022-10-29T19:56:39.449Z] <<< [apiv2][status] GET https://api.github.com/repos/ddsitabhata.com/actions/secrets/public-key 404
[debug] [2022-10-29T19:56:39.449Z] <<< [apiv2][body] GET https://api.github.com/repos/ddsitabhata.com/actions/secrets/public-key {"message":"Not Found","documentation_url":"https://docs.github.com/rest"}
[debug] [2022-10-29T19:56:39.691Z] >>> [apiv2][query] GET https://api.github.com/repos/ddsitabhata.com/actions/secrets/public-key type=owner
[debug] [2022-10-29T19:56:39.913Z] >>> [apiv2][query] GET https://api.github.com/repos//actions/secrets/public-key type=owner
[debug] [2022-10-29T19:56:39.984Z] <<< [apiv2][status] GET https://api.github.com/repos/ddsitabhata.com/actions/secrets/public-key 404
[debug] [2022-10-29T19:56:39.985Z] <<< [apiv2][body] GET https://api.github.com/repos/ddsitabhata.com/actions/secrets/public-key {"message":"Not Found","documentation_url":"https://docs.github.com/rest"}
[debug] [2022-10-29T19:56:40.313Z] <<< [apiv2][status] GET https://api.github.com/repos//actions/secrets/public-key 404
[debug] [2022-10-29T19:56:40.313Z] <<< [apiv2][body] GET https://api.github.com/repos//actions/secrets/public-key {"message":"Not Found","documentation_url":"https://docs.github.com/rest"}
[debug] [2022-10-29T19:57:11.964Z] >>> [apiv2][query] GET https://api.github.com/repos/ddsitabhata.com/actions/secrets/public-key type=owner
[debug] [2022-10-29T19:57:12.172Z] >>> [apiv2][query] GET https://api.github.com/repos//actions/secrets/public-key type=owner
[debug] [2022-10-29T19:57:12.413Z] <<< [apiv2][status] GET https://api.github.com/repos/ddsitabhata.com/actions/secrets/public-key 404
[debug] [2022-10-29T19:57:12.414Z] <<< [apiv2][body] GET https://api.github.com/repos/ddsitabhata.com/actions/secrets/public-key {"message":"Not Found","documentation_url":"https://docs.github.com/rest"}
[debug] [2022-10-29T19:57:12.681Z] <<< [apiv2][status] GET https://api.github.com/repos//actions/secrets/public-key 404
[debug] [2022-10-29T19:57:12.681Z] <<< [apiv2][body] GET https://api.github.com/repos//actions/secrets/public-key {"message":"Not Found","documentation_url":"https://docs.github.com/rest"}
[debug] [2022-10-29T19:57:20.469Z] >>> [apiv2][query] GET https://api.github.com/repos/ddsitabhata.org/actions/secrets/public-key type=owner
[debug] [2022-10-29T19:57:21.308Z] >>> [apiv2][query] GET https://api.github.com/repos//actions/secrets/public-key type=owner
[debug] [2022-10-29T19:57:21.487Z] >>> [apiv2][query] GET https://api.github.com/repos//actions/secrets/public-key type=owner
[debug] [2022-10-29T19:57:21.565Z] <<< [apiv2][status] GET https://api.github.com/repos/ddsitabhata.org/actions/secrets/public-key 404
[debug] [2022-10-29T19:57:21.565Z] <<< [apiv2][body] GET https://api.github.com/repos/ddsitabhata.org/actions/secrets/public-key {"message":"Not Found","documentation_url":"https://docs.github.com/rest"}
[debug] [2022-10-29T19:57:21.829Z] <<< [apiv2][status] GET https://api.github.com/repos//actions/secrets/public-key 404
[debug] [2022-10-29T19:57:21.829Z] <<< [apiv2][body] GET https://api.github.com/repos//actions/secrets/public-key {"message":"Not Found","documentation_url":"https://docs.github.com/rest"}
[debug] [2022-10-29T19:57:21.970Z] <<< [apiv2][status] GET https://api.github.com/repos//actions/secrets/public-key 404
[debug] [2022-10-29T19:57:21.970Z] <<< [apiv2][body] GET https://api.github.com/repos//actions/secrets/public-key {"message":"Not Found","documentation_url":"https://docs.github.com/rest"}
[debug] [2022-10-29T19:57:33.768Z] >>> [apiv2][query] GET https://api.github.com/repos/Ddsitabhata.com/actions/secrets/public-key type=owner
[debug] [2022-10-29T19:57:34.330Z] <<< [apiv2][status] GET https://api.github.com/repos/Ddsitabhata.com/actions/secrets/public-key 404
[debug] [2022-10-29T19:57:34.330Z] <<< [apiv2][body] GET https://api.github.com/repos/Ddsitabhata.com/actions/secrets/public-key {"message":"Not Found","documentation_url":"https://docs.github.com/rest"}
[debug] [2022-10-29T19:57:34.889Z] >>> [apiv2][query] GET https://api.github.com/repos/Ddsitabhata.com/actions/secrets/public-key type=owner
[debug] [2022-10-29T19:57:35.127Z] >>> [apiv2][query] GET https://api.github.com/repos//actions/secrets/public-key type=owner
[debug] [2022-10-29T19:57:35.186Z] <<< [apiv2][status] GET https://api.github.com/repos/Ddsitabhata.com/actions/secrets/public-key 404
[debug] [2022-10-29T19:57:35.186Z] <<< [apiv2][body] GET https://api.github.com/repos/Ddsitabhata.com/actions/secrets/public-key {"message":"Not Found","documentation_url":"https://docs.github.com/rest"}
[debug] [2022-10-29T19:57:35.308Z] >>> [apiv2][query] GET https://api.github.com/repos/Ddsitabhata.com/actions/secrets/public-key type=owner
[debug] [2022-10-29T19:57:35.473Z] >>> [apiv2][query] GET https://api.github.com/repos//actions/secrets/public-key type=owner
[debug] [2022-10-29T19:57:35.629Z] <<< [apiv2][status] GET https://api.github.com/repos/Ddsitabhata.com/actions/secrets/public-key 404
[debug] [2022-10-29T19:57:35.629Z] <<< [apiv2][body] GET https://api.github.com/repos/Ddsitabhata.com/actions/secrets/public-key {"message":"Not Found","documentation_url":"https://docs.github.com/rest"}
[debug] [2022-10-29T19:57:35.876Z] <<< [apiv2][status] GET https://api.github.com/repos//actions/secrets/public-key 404
[debug] [2022-10-29T19:57:35.876Z] <<< [apiv2][body] GET https://api.github.com/repos//actions/secrets/public-key {"message":"Not Found","documentation_url":"https://docs.github.com/rest"}
[debug] [2022-10-29T19:57:36.545Z] <<< [apiv2][status] GET https://api.github.com/repos//actions/secrets/public-key 404
[debug] [2022-10-29T19:57:36.545Z] <<< [apiv2][body] GET https://api.github.com/repos//actions/secrets/public-key {"message":"Not Found","documentation_url":"https://docs.github.com/rest"}
[debug] [2022-10-29T19:57:51.798Z] >>> [apiv2][query] GET https://api.github.com/repos/Ddsitabhata.com/actions/secrets/public-key type=owner
[debug] [2022-10-29T19:57:52.317Z] <<< [apiv2][status] GET https://api.github.com/repos/Ddsitabhata.com/actions/secrets/public-key 404
[debug] [2022-10-29T19:57:52.317Z] <<< [apiv2][body] GET https://api.github.com/repos/Ddsitabhata.com/actions/secrets/public-key {"message":"Not Found","documentation_url":"https://docs.github.com/rest"}
[debug] [2022-10-29T20:11:28.362Z] >>> [apiv2][query] GET https://api.github.com/repos/(ddsitabhata-com/ddsitabhata.com)/actions/secrets/public-key type=owner
[debug] [2022-10-29T20:11:33.198Z] <<< [apiv2][status] GET https://api.github.com/repos/(ddsitabhata-com/ddsitabhata.com)/actions/secrets/public-key 404
[debug] [2022-10-29T20:11:33.198Z] <<< [apiv2][body] GET https://api.github.com/repos/(ddsitabhata-com/ddsitabhata.com)/actions/secrets/public-key {"message":"Not Found","documentation_url":"https://docs.github.com/rest/reference/actions#get-a-repository-public-key"}
[debug] [2022-10-29T20:15:45.937Z] >>> [apiv2][query] GET https://api.github.com/repos/(Piyushsingh0001-com/ddsitabhata.com)/actions/secrets/public-key type=owner
[debug] [2022-10-29T20:15:46.791Z] <<< [apiv2][status] GET https://api.github.com/repos/(Piyushsingh0001-com/ddsitabhata.com)/actions/secrets/public-key 404
[debug] [2022-10-29T20:15:46.791Z] <<< [apiv2][body] GET https://api.github.com/repos/(Piyushsingh0001-com/ddsitabhata.com)/actions/secrets/public-key {"message":"Not Found","documentation_url":"https://docs.github.com/rest/reference/actions#get-a-repository-public-key"}
[debug] [2022-10-29T20:15:47.525Z] >>> [apiv2][query] GET https://api.github.com/repos/(Piyushsingh0001-com/ddsitabhata.com)/actions/secrets/public-key type=owner
[debug] [2022-10-29T20:15:47.892Z] <<< [apiv2][status] GET https://api.github.com/repos/(Piyushsingh0001-com/ddsitabhata.com)/actions/secrets/public-key 404
[debug] [2022-10-29T20:15:47.892Z] <<< [apiv2][body] GET https://api.github.com/repos/(Piyushsingh0001-com/ddsitabhata.com)/actions/secrets/public-key {"message":"Not Found","documentation_url":"https://docs.github.com/rest/reference/actions#get-a-repository-public-key"}
[debug] [2022-10-29T20:15:49.636Z] >>> [apiv2][query] GET https://api.github.com/repos/(Piyushsingh0001-com/ddsitabhata.com)/actions/secrets/public-key type=owner
[debug] [2022-10-29T20:15:49.997Z] <<< [apiv2][status] GET https://api.github.com/repos/(Piyushsingh0001-com/ddsitabhata.com)/actions/secrets/public-key 404
[debug] [2022-10-29T20:15:49.997Z] <<< [apiv2][body] GET https://api.github.com/repos/(Piyushsingh0001-com/ddsitabhata.com)/actions/secrets/public-key {"message":"Not Found","documentation_url":"https://docs.github.com/rest/reference/actions#get-a-repository-public-key"}
[debug] [2022-10-29T20:16:02.094Z] >>> [apiv2][query] GET https://api.github.com/repos/(Piyushsingh0001/ddsitabhata)/actions/secrets/public-key type=owner
[debug] [2022-10-29T20:16:02.735Z] <<< [apiv2][status] GET https://api.github.com/repos/(Piyushsingh0001/ddsitabhata)/actions/secrets/public-key 404
[debug] [2022-10-29T20:16:02.735Z] <<< [apiv2][body] GET https://api.github.com/repos/(Piyushsingh0001/ddsitabhata)/actions/secrets/public-key {"message":"Not Found","documentation_url":"https://docs.github.com/rest/reference/actions#get-a-repository-public-key"}
[debug] [2022-10-29T20:16:03.689Z] >>> [apiv2][query] GET https://api.github.com/repos/(Piyushsingh0001/ddsitabhata)/actions/secrets/public-key type=owner
[debug] [2022-10-29T20:16:04.083Z] <<< [apiv2][status] GET https://api.github.com/repos/(Piyushsingh0001/ddsitabhata)/actions/secrets/public-key 404
[debug] [2022-10-29T20:16:04.083Z] <<< [apiv2][body] GET https://api.github.com/repos/(Piyushsingh0001/ddsitabhata)/actions/secrets/public-key {"message":"Not Found","documentation_url":"https://docs.github.com/rest/reference/actions#get-a-repository-public-key"}
[debug] [2022-10-29T20:16:04.637Z] >>> [apiv2][query] GET https://api.github.com/repos/(Piyushsingh0001/ddsitabhata)/actions/secrets/public-key type=owner
[debug] [2022-10-29T20:16:04.997Z] <<< [apiv2][status] GET https://api.github.com/repos/(Piyushsingh0001/ddsitabhata)/actions/secrets/public-key 404
[debug] [2022-10-29T20:16:04.997Z] <<< [apiv2][body] GET https://api.github.com/repos/(Piyushsingh0001/ddsitabhata)/actions/secrets/public-key {"message":"Not Found","documentation_url":"https://docs.github.com/rest/reference/actions#get-a-repository-public-key"}
[debug] [2022-10-29T20:16:05.062Z] >>> [apiv2][query] GET https://api.github.com/repos/(Piyushsingh0001/ddsitabhata)/actions/secrets/public-key type=owner
[debug] [2022-10-29T20:16:05.416Z] <<< [apiv2][status] GET https://api.github.com/repos/(Piyushsingh0001/ddsitabhata)/actions/secrets/public-key 404
[debug] [2022-10-29T20:16:05.416Z] <<< [apiv2][body] GET https://api.github.com/repos/(Piyushsingh0001/ddsitabhata)/actions/secrets/public-key {"message":"Not Found","documentation_url":"https://docs.github.com/rest/reference/actions#get-a-repository-public-key"}
[debug] [2022-10-29T20:16:07.647Z] >>> [apiv2][query] GET https://api.github.com/repos/(Piyushsingh0001/ddsitabhata)/actions/secrets/public-key type=owner
[debug] [2022-10-29T20:16:08.003Z] <<< [apiv2][status] GET https://api.github.com/repos/(Piyushsingh0001/ddsitabhata)/actions/secrets/public-key 404
[debug] [2022-10-29T20:16:08.003Z] <<< [apiv2][body] GET https://api.github.com/repos/(Piyushsingh0001/ddsitabhata)/actions/secrets/public-key {"message":"Not Found","documentation_url":"https://docs.github.com/rest/reference/actions#get-a-repository-public-key"}
[debug] [2022-10-29T20:18:09.195Z] >>> [apiv2][query] GET https://api.github.com/repos/(Piyushsingh0001/ddsitabhata)/actions/secrets/public-key type=owner
[debug] [2022-10-29T20:18:10.630Z] <<< [apiv2][status] GET https://api.github.com/repos/(Piyushsingh0001/ddsitabhata)/actions/secrets/public-key 404
[debug] [2022-10-29T20:18:10.630Z] <<< [apiv2][body] GET https://api.github.com/repos/(Piyushsingh0001/ddsitabhata)/actions/secrets/public-key {"message":"Not Found","documentation_url":"https://docs.github.com/rest/reference/actions#get-a-repository-public-key"}
[debug] [2022-10-29T20:18:11.378Z] >>> [apiv2][query] GET https://api.github.com/repos/(Piyushsingh0001/ddsitabhata)/actions/secrets/public-key type=owner
[debug] [2022-10-29T20:18:11.749Z] <<< [apiv2][status] GET https://api.github.com/repos/(Piyushsingh0001/ddsitabhata)/actions/secrets/public-key 404
[debug] [2022-10-29T20:18:11.749Z] <<< [apiv2][body] GET https://api.github.com/repos/(Piyushsingh0001/ddsitabhata)/actions/secrets/public-key {"message":"Not Found","documentation_url":"https://docs.github.com/rest/reference/actions#get-a-repository-public-key"}
[debug] [2022-10-29T20:18:12.346Z] >>> [apiv2][query] GET https://api.github.com/repos/(Piyushsingh0001/ddsitabhata)/actions/secrets/public-key type=owner
[debug] [2022-10-29T20:18:12.594Z] >>> [apiv2][query] GET https://api.github.com/repos//actions/secrets/public-key type=owner
[debug] [2022-10-29T20:18:12.757Z] <<< [apiv2][status] GET https://api.github.com/repos/(Piyushsingh0001/ddsitabhata)/actions/secrets/public-key 404
[debug] [2022-10-29T20:18:12.757Z] <<< [apiv2][body] GET https://api.github.com/repos/(Piyushsingh0001/ddsitabhata)/actions/secrets/public-key {"message":"Not Found","documentation_url":"https://docs.github.com/rest/reference/actions#get-a-repository-public-key"}
[debug] [2022-10-29T20:18:13.203Z] <<< [apiv2][status] GET https://api.github.com/repos//actions/secrets/public-key 404
[debug] [2022-10-29T20:18:13.203Z] <<< [apiv2][body] GET https://api.github.com/repos//actions/secrets/public-key {"message":"Not Found","documentation_url":"https://docs.github.com/rest"}
[debug] [2022-10-29T20:18:13.326Z] >>> [apiv2][query] GET https://api.github.com/repos/(Piyushsingh0001/ddsitabhata)/actions/secrets/public-key type=owner
[debug] [2022-10-29T20:18:13.680Z] <<< [apiv2][status] GET https://api.github.com/repos/(Piyushsingh0001/ddsitabhata)/actions/secrets/public-key 404
[debug] [2022-10-29T20:18:13.680Z] <<< [apiv2][body] GET https://api.github.com/repos/(Piyushsingh0001/ddsitabhata)/actions/secrets/public-key {"message":"Not Found","documentation_url":"https://docs.github.com/rest/reference/actions#get-a-repository-public-key"}
[debug] [2022-10-29T20:24:28.438Z] >>> [apiv2][query] GET https://api.github.com/repos/(Piyushsingh0001/ddsitabhata)/actions/secrets/public-key type=owner
[debug] [2022-10-29T20:24:28.694Z] >>> [apiv2][query] GET https://api.github.com/repos//actions/secrets/public-key type=owner
[debug] [2022-10-29T20:24:29.169Z] <<< [apiv2][status] GET https://api.github.com/repos/(Piyushsingh0001/ddsitabhata)/actions/secrets/public-key 404
[debug] [2022-10-29T20:24:29.169Z] <<< [apiv2][body] GET https://api.github.com/repos/(Piyushsingh0001/ddsitabhata)/actions/secrets/public-key {"message":"Not Found","documentation_url":"https://docs.github.com/rest/reference/actions#get-a-repository-public-key"}
[debug] [2022-10-29T20:24:29.311Z] <<< [apiv2][status] GET https://api.github.com/repos//actions/secrets/public-key 404
[debug] [2022-10-29T20:24:29.312Z] <<< [apiv2][body] GET https://api.github.com/repos//actions/secrets/public-key {"message":"Not Found","documentation_url":"https://docs.github.com/rest"}
[debug] [2022-10-29T20:24:47.218Z] >>> [apiv2][query] GET https://api.github.com/repos/(Piyushsingh0001-org/ddsitabhata.org)/actions/secrets/public-key type=owner
[debug] [2022-10-29T20:24:47.888Z] <<< [apiv2][status] GET https://api.github.com/repos/(Piyushsingh0001-org/ddsitabhata.org)/actions/secrets/public-key 404
[debug] [2022-10-29T20:24:47.888Z] <<< [apiv2][body] GET https://api.github.com/repos/(Piyushsingh0001-org/ddsitabhata.org)/actions/secrets/public-key {"message":"Not Found","documentation_url":"https://docs.github.com/rest/reference/actions#get-a-repository-public-key"}
[debug] [2022-10-29T20:24:52.021Z] >>> [apiv2][query] GET https://api.github.com/repos/(Piyushsingh0001-org/ddsitabhata.org)/actions/secrets/public-key type=owner
[debug] [2022-10-29T20:24:52.397Z] <<< [apiv2][status] GET https://api.github.com/repos/(Piyushsingh0001-org/ddsitabhata.org)/actions/secrets/public-key 404
[debug] [2022-10-29T20:24:52.397Z] <<< [apiv2][body] GET https://api.github.com/repos/(Piyushsingh0001-org/ddsitabhata.org)/actions/secrets/public-key {"message":"Not Found","documentation_url":"https://docs.github.com/rest/reference/actions#get-a-repository-public-key"}
[debug] [2022-10-29T20:24:57.260Z] >>> [apiv2][query] GET https://api.github.com/repos/(Piyushsingh0001-org/ddsitabhata.org)/actions/secrets/public-key type=owner
[debug] [2022-10-29T20:24:57.655Z] <<< [apiv2][status] GET https://api.github.com/repos/(Piyushsingh0001-org/ddsitabhata.org)/actions/secrets/public-key 404
[debug] [2022-10-29T20:24:57.655Z] <<< [apiv2][body] GET https://api.github.com/repos/(Piyushsingh0001-org/ddsitabhata.org)/actions/secrets/public-key {"message":"Not Found","documentation_url":"https://docs.github.com/rest/reference/actions#get-a-repository-public-key"}
[debug] [2022-10-29T20:25:22.337Z] >>> [apiv2][query] GET https://api.github.com/repos/(Piyushsingh0001-org/ddsitabhata.org)/actions/secrets/public-key type=owner
[debug] [2022-10-29T20:25:22.938Z] <<< [apiv2][status] GET https://api.github.com/repos/(Piyushsingh0001-org/ddsitabhata.org)/actions/secrets/public-key 404
[debug] [2022-10-29T20:25:22.939Z] <<< [apiv2][body] GET https://api.github.com/repos/(Piyushsingh0001-org/ddsitabhata.org)/actions/secrets/public-key {"message":"Not Found","documentation_url":"https://docs.github.com/rest/reference/actions#get-a-repository-public-key"}
[debug] [2022-10-29T20:25:23.473Z] >>> [apiv2][query] GET https://api.github.com/repos/(Piyushsingh0001-org/ddsitabhata.org)/actions/secrets/public-key type=owner
[debug] [2022-10-29T20:25:23.766Z] >>> [apiv2][query] GET https://api.github.com/repos//actions/secrets/public-key type=owner
[debug] [2022-10-29T20:25:23.833Z] <<< [apiv2][status] GET https://api.github.com/repos/(Piyushsingh0001-org/ddsitabhata.org)/actions/secrets/public-key 404
[debug] [2022-10-29T20:25:23.833Z] <<< [apiv2][body] GET https://api.github.com/repos/(Piyushsingh0001-org/ddsitabhata.org)/actions/secrets/public-key {"message":"Not Found","documentation_url":"https://docs.github.com/rest/reference/actions#get-a-repository-public-key"}
[debug] [2022-10-29T20:25:23.979Z] >>> [apiv2][query] GET https://api.github.com/repos/(Piyushsingh0001-org/ddsitabhata.org)/actions/secrets/public-key type=owner
[debug] [2022-10-29T20:25:24.162Z] >>> [apiv2][query] GET https://api.github.com/repos//actions/secrets/public-key type=owner
[debug] [2022-10-29T20:25:24.345Z] <<< [apiv2][status] GET https://api.github.com/repos/(Piyushsingh0001-org/ddsitabhata.org)/actions/secrets/public-key 404
[debug] [2022-10-29T20:25:24.346Z] <<< [apiv2][body] GET https://api.github.com/repos/(Piyushsingh0001-org/ddsitabhata.org)/actions/secrets/public-key {"message":"Not Found","documentation_url":"https://docs.github.com/rest/reference/actions#get-a-repository-public-key"}
[debug] [2022-10-29T20:25:24.367Z] <<< [apiv2][status] GET https://api.github.com/repos//actions/secrets/public-key 404
[debug] [2022-10-29T20:25:24.368Z] <<< [apiv2][body] GET https://api.github.com/repos//actions/secrets/public-key {"message":"Not Found","documentation_url":"https://docs.github.com/rest"}
[debug] [2022-10-29T20:25:24.916Z] <<< [apiv2][status] GET https://api.github.com/repos//actions/secrets/public-key 404
[debug] [2022-10-29T20:25:24.916Z] <<< [apiv2][body] GET https://api.github.com/repos//actions/secrets/public-key {"message":"Not Found","documentation_url":"https://docs.github.com/rest"}
