[debug] [2022-10-29T19:29:47.284Z] ----------------------------------------------------------------------
[debug] [2022-10-29T19:29:47.287Z] Command:       C:\Program Files\nodejs\node.exe C:\Users\HP_0890\AppData\Roaming\npm\node_modules\firebase-tools\lib\bin\firebase.js init
[debug] [2022-10-29T19:29:47.288Z] CLI Version:   11.15.0
[debug] [2022-10-29T19:29:47.288Z] Platform:      win32
[debug] [2022-10-29T19:29:47.288Z] Node Version:  v19.0.0
[debug] [2022-10-29T19:29:47.288Z] Time:          Sun Oct 30 2022 00:59:47 GMT+0530 (India Standard Time)
[debug] [2022-10-29T19:29:47.289Z] ----------------------------------------------------------------------
[debug] 
[debug] [2022-10-29T19:29:47.332Z] > command requires scopes: ["email","openid","https://www.googleapis.com/auth/cloudplatformprojects.readonly","https://www.googleapis.com/auth/firebase","https://www.googleapis.com/auth/cloud-platform"]
[debug] [2022-10-29T19:29:47.333Z] > authorizing via signed-in user (ssinghpiyush14@gmail.com)
[info] 
     ######## #### ########  ######## ########     ###     ######  ########
     ##        ##  ##     ## ##       ##     ##  ##   ##  ##       ##
     ######    ##  ########  ######   ########  #########  ######  ######
     ##        ##  ##    ##  ##       ##     ## ##     ##       ## ##
     ##       #### ##     ## ######## ########  ##     ##  ######  ########

You're about to initialize a Firebase project in this directory:

  G:\DDS\HTML-DDS

[info] 
=== Project Setup
[info] 
[info] First, let's associate this project directory with a Firebase project.
[info] You can create multiple project aliases by running firebase use --add, 
[info] but for now we'll just set up a default project.
[info] 
[debug] [2022-10-29T19:31:03.765Z] >>> [apiv2][query] GET https://firebase.googleapis.com/v1beta1/projects pageSize=100
[debug] [2022-10-29T19:31:08.415Z] <<< [apiv2][status] GET https://firebase.googleapis.com/v1beta1/projects 200
[debug] [2022-10-29T19:31:08.415Z] <<< [apiv2][body] GET https://firebase.googleapis.com/v1beta1/projects [omitted]
[info] i  Using project ddsitabhata (Ddsitabhata) 
[info] 
=== Hosting Setup
[info] 
[info] Your public directory is the folder (relative to your project directory) that
[info] will contain Hosting assets to be uploaded with firebase deploy. If you
[info] have a build process for your assets, use your build's output directory.
[info] 
